{"synthetic": false,
 "schemaVersion": "2025-09-10",
 "outputs":
 {"o": ["bf35305ceae77c78.olean"],
  "m": false,
  "i": "1593cebeedc876d9.ilean",
  "c": "12c8a5e618ad1346.c"},
 "log":
 [{"message":
   ".> LEAN_PATH=/home/predm/Git/Personal/NovoProjeto/.lake/packages/Cli/.lake/build/lib/lean:/home/predm/Git/Personal/NovoProjeto/.lake/packages/batteries/.lake/build/lib/lean:/home/predm/Git/Personal/NovoProjeto/.lake/packages/Qq/.lake/build/lib/lean:/home/predm/Git/Personal/NovoProjeto/.lake/packages/aesop/.lake/build/lib/lean:/home/predm/Git/Personal/NovoProjeto/.lake/packages/proofwidgets/.lake/build/lib/lean:/home/predm/Git/Personal/NovoProjeto/.lake/packages/importGraph/.lake/build/lib/lean:/home/predm/Git/Personal/NovoProjeto/.lake/packages/LeanSearchClient/.lake/build/lib/lean:/home/predm/Git/Personal/NovoProjeto/.lake/packages/plausible/.lake/build/lib/lean:/home/predm/Git/Personal/NovoProjeto/.lake/packages/mathlib/.lake/build/lib/lean:/home/predm/Git/Personal/NovoProjeto/.lake/build/lib/lean /home/predm/.elan/toolchains/leanprover--lean4---v4.31.0-rc2/bin/lean /home/predm/Git/Personal/NovoProjeto/MaxwellKeyPLUS/Examples/TemplateRealParams.lean -o /home/predm/Git/Personal/NovoProjeto/.lake/build/lib/lean/MaxwellKeyPLUS/Examples/TemplateRealParams.olean -i /home/predm/Git/Personal/NovoProjeto/.lake/build/lib/lean/MaxwellKeyPLUS/Examples/TemplateRealParams.ilean -c /home/predm/Git/Personal/NovoProjeto/.lake/build/ir/MaxwellKeyPLUS/Examples/TemplateRealParams.c --setup /home/predm/Git/Personal/NovoProjeto/.lake/build/ir/MaxwellKeyPLUS/Examples/TemplateRealParams.setup.json --json",
   "level": "trace"}],
 "inputs":
 [["MaxwellKeyPLUS.Examples.TemplateRealParams:deps",
   [["deps",
     [["MaxwellKey/MaxwellKeyPLUS:extraDep",
       [["@MaxwellKey:extraDep", "00000000000006bb"]]],
      ["imports",
       [["Mathlib.Data.Real.Basic transitive imports (legacy)",
         "d65ade690665816a"],
        ["Mathlib.Data.Real.Basic:importAllArts", "f6d68b320669ab7c"],
        ["Mathlib.Data.Complex.Basic transitive imports (legacy)",
         "db607245bfcc0372"],
        ["Mathlib.Data.Complex.Basic:importAllArts", "2d72f10fa9a6aa93"],
        ["MaxwellKeyPLUS.DegradednessGeneral transitive imports (legacy)",
         "253ae283d58d881b"],
        ["MaxwellKeyPLUS.DegradednessGeneral:importAllArts",
         "391d5a8327cbdb64"],
        ["MaxwellKeyPLUS.SecrecyCapacityGeneral transitive imports (legacy)",
         "65163f98c6cee3ff"],
        ["MaxwellKeyPLUS.SecrecyCapacityGeneral:importAllArts",
         "12e0777dfe7ead05"],
        ["MaxwellKeyPLUS.ExactChannel transitive imports (legacy)",
         "c2e12330b9ff9763"],
        ["MaxwellKeyPLUS.ExactChannel:importAllArts", "889ea0d519df138b"]]]]],
    ["libs",
     [["import dynlibs", "00000000000006bb"],
      ["package external libraries", "00000000000006bb"],
      ["module dynlibs", "00000000000006bb"],
      ["module plugins", "00000000000006bb"]]]]],
  ["Lean 4.31.0, commit 5e44d5f905127c78a2da7a015fe7a47840c95eb1",
   "888ac1029b4e55a7"],
  ["/home/predm/Git/Personal/NovoProjeto/MaxwellKeyPLUS/Examples/TemplateRealParams.lean",
   "8e25f51517fcc4cd"],
  ["options", "00000000000006bb"],
  ["isModule: false", "feefd2a0d3a1847e"],
  ["Module.name: MaxwellKeyPLUS.Examples.TemplateRealParams",
   "41197f4056fdead8"],
  ["Package.id?: (some MaxwellKey)", "1d940a7375b12fd5"],
  ["Module.leanArgs: #[]", "00000000000006bb"]],
 "depHash": "dd24a96b7becaa1c"}