{"synthetic": false,
 "schemaVersion": "2025-09-10",
 "outputs":
 {"o": ["18463e59ff63625b.olean"],
  "m": false,
  "i": "cdfb134c5fc08cc7.ilean",
  "c": "262edc10889e9b63.c"},
 "log":
 [{"message":
   ".> LEAN_PATH=/home/predm/Git/Personal/NovoProjeto/.lake/packages/Cli/.lake/build/lib/lean:/home/predm/Git/Personal/NovoProjeto/.lake/packages/batteries/.lake/build/lib/lean:/home/predm/Git/Personal/NovoProjeto/.lake/packages/Qq/.lake/build/lib/lean:/home/predm/Git/Personal/NovoProjeto/.lake/packages/aesop/.lake/build/lib/lean:/home/predm/Git/Personal/NovoProjeto/.lake/packages/proofwidgets/.lake/build/lib/lean:/home/predm/Git/Personal/NovoProjeto/.lake/packages/importGraph/.lake/build/lib/lean:/home/predm/Git/Personal/NovoProjeto/.lake/packages/LeanSearchClient/.lake/build/lib/lean:/home/predm/Git/Personal/NovoProjeto/.lake/packages/plausible/.lake/build/lib/lean:/home/predm/Git/Personal/NovoProjeto/.lake/packages/mathlib/.lake/build/lib/lean:/home/predm/Git/Personal/NovoProjeto/.lake/build/lib/lean /home/predm/.elan/toolchains/leanprover--lean4---v4.31.0-rc2/bin/lean /home/predm/Git/Personal/NovoProjeto/MaxwellKeyPLUS/Examples/TwoParallelStripsComputable.lean -o /home/predm/Git/Personal/NovoProjeto/.lake/build/lib/lean/MaxwellKeyPLUS/Examples/TwoParallelStripsComputable.olean -i /home/predm/Git/Personal/NovoProjeto/.lake/build/lib/lean/MaxwellKeyPLUS/Examples/TwoParallelStripsComputable.ilean -c /home/predm/Git/Personal/NovoProjeto/.lake/build/ir/MaxwellKeyPLUS/Examples/TwoParallelStripsComputable.c --setup /home/predm/Git/Personal/NovoProjeto/.lake/build/ir/MaxwellKeyPLUS/Examples/TwoParallelStripsComputable.setup.json --json",
   "level": "trace"},
  {"message":
   "MaxwellKeyPLUS/Examples/TwoParallelStripsComputable.lean:43:0: 36460643651107210429202432.000000",
   "level": "info"},
  {"message":
   "MaxwellKeyPLUS/Examples/TwoParallelStripsComputable.lean:44:0: 242176205031.519409",
   "level": "info"},
  {"message":
   "MaxwellKeyPLUS/Examples/TwoParallelStripsComputable.lean:45:0: 42.457271",
   "level": "info"},
  {"message":
   "MaxwellKeyPLUS/Examples/TwoParallelStripsComputable.lean:46:0: 18.908633",
   "level": "info"},
  {"message":
   "MaxwellKeyPLUS/Examples/TwoParallelStripsComputable.lean:47:0: 23.548638",
   "level": "info"}],
 "inputs":
 [["MaxwellKeyPLUS.Examples.TwoParallelStripsComputable:deps",
   [["deps",
     [["MaxwellKey/MaxwellKeyPLUS:extraDep",
       [["@MaxwellKey:extraDep", "00000000000006bb"]]],
      ["imports", "00000000000006bb"]]],
    ["libs",
     [["import dynlibs", "00000000000006bb"],
      ["package external libraries", "00000000000006bb"],
      ["module dynlibs", "00000000000006bb"],
      ["module plugins", "00000000000006bb"]]]]],
  ["Lean 4.31.0, commit 5e44d5f905127c78a2da7a015fe7a47840c95eb1",
   "888ac1029b4e55a7"],
  ["/home/predm/Git/Personal/NovoProjeto/MaxwellKeyPLUS/Examples/TwoParallelStripsComputable.lean",
   "53a463014e76ab83"],
  ["options", "00000000000006bb"],
  ["isModule: false", "feefd2a0d3a1847e"],
  ["Module.name: MaxwellKeyPLUS.Examples.TwoParallelStripsComputable",
   "e97e47644dda82b7"],
  ["Package.id?: (some MaxwellKey)", "1d940a7375b12fd5"],
  ["Module.leanArgs: #[]", "00000000000006bb"]],
 "depHash": "021509d1a6e5766c"}