{"synthetic": false,
 "schemaVersion": "2025-09-10",
 "outputs":
 {"o": ["087f50d26dd967f9.olean"],
  "m": false,
  "i": "2f1eb61bb6b96379.ilean",
  "c": "ba74cff974c8f591.c"},
 "log":
 [{"message":
   ".> LEAN_PATH=/home/predm/Git/Personal/NovoProjeto/.lake/packages/Cli/.lake/build/lib/lean:/home/predm/Git/Personal/NovoProjeto/.lake/packages/batteries/.lake/build/lib/lean:/home/predm/Git/Personal/NovoProjeto/.lake/packages/Qq/.lake/build/lib/lean:/home/predm/Git/Personal/NovoProjeto/.lake/packages/aesop/.lake/build/lib/lean:/home/predm/Git/Personal/NovoProjeto/.lake/packages/proofwidgets/.lake/build/lib/lean:/home/predm/Git/Personal/NovoProjeto/.lake/packages/importGraph/.lake/build/lib/lean:/home/predm/Git/Personal/NovoProjeto/.lake/packages/LeanSearchClient/.lake/build/lib/lean:/home/predm/Git/Personal/NovoProjeto/.lake/packages/plausible/.lake/build/lib/lean:/home/predm/Git/Personal/NovoProjeto/.lake/packages/mathlib/.lake/build/lib/lean:/home/predm/Git/Personal/NovoProjeto/.lake/build/lib/lean /home/predm/.elan/toolchains/leanprover--lean4---v4.31.0-rc2/bin/lean /home/predm/Git/Personal/NovoProjeto/MaxwellKeyPLUS/ExactChannelHermitian.lean -o /home/predm/Git/Personal/NovoProjeto/.lake/build/lib/lean/MaxwellKeyPLUS/ExactChannelHermitian.olean -i /home/predm/Git/Personal/NovoProjeto/.lake/build/lib/lean/MaxwellKeyPLUS/ExactChannelHermitian.ilean -c /home/predm/Git/Personal/NovoProjeto/.lake/build/ir/MaxwellKeyPLUS/ExactChannelHermitian.c --setup /home/predm/Git/Personal/NovoProjeto/.lake/build/ir/MaxwellKeyPLUS/ExactChannelHermitian.setup.json --json",
   "level": "trace"}],
 "inputs":
 [["MaxwellKeyPLUS.ExactChannelHermitian:deps",
   [["deps",
     [["MaxwellKey/MaxwellKeyPLUS:extraDep",
       [["@MaxwellKey:extraDep", "00000000000006bb"]]],
      ["imports",
       [["Mathlib.Data.Matrix.Basic transitive imports (legacy)",
         "4563f006f2548cff"],
        ["Mathlib.Data.Matrix.Basic:importAllArts", "7a968a5fa9629c67"],
        ["Mathlib.Data.Complex.Basic transitive imports (legacy)",
         "db607245bfcc0372"],
        ["Mathlib.Data.Complex.Basic:importAllArts", "2d72f10fa9a6aa93"],
        ["Mathlib.Data.Real.Basic transitive imports (legacy)",
         "d65ade690665816a"],
        ["Mathlib.Data.Real.Basic:importAllArts", "f6d68b320669ab7c"],
        ["Mathlib.Tactic.FinCases transitive imports (legacy)",
         "a7612774c511de31"],
        ["Mathlib.Tactic.FinCases:importAllArts", "26e42ce4ea534558"],
        ["Mathlib.Tactic.Ring transitive imports (legacy)", "6e77108d1a3912ab"],
        ["Mathlib.Tactic.Ring:importAllArts", "60621be0539fee2c"],
        ["Mathlib.Tactic.FieldSimp transitive imports (legacy)",
         "55995605eac4e901"],
        ["Mathlib.Tactic.FieldSimp:importAllArts", "6c2f0fcea9825776"],
        ["Mathlib.Tactic.Positivity transitive imports (legacy)",
         "3e52b6e0b82c6bd7"],
        ["Mathlib.Tactic.Positivity:importAllArts", "5abd3347b7fe9d08"],
        ["MaxwellKey.AdmittanceMatrix transitive imports (legacy)",
         "41df0cc89a73fc57"],
        ["MaxwellKey.AdmittanceMatrix:importAllArts", "ce508d83f19be38c"],
        ["MaxwellKey.ChannelMatrix transitive imports (legacy)",
         "facea3b9f4d51ea1"],
        ["MaxwellKey.ChannelMatrix:importAllArts", "e92c65f1cad64d49"],
        ["MaxwellKeyPLUS.ExactChannel transitive imports (legacy)",
         "c2e12330b9ff9763"],
        ["MaxwellKeyPLUS.ExactChannel:importAllArts", "889ea0d519df138b"]]]]],
    ["libs",
     [["import dynlibs", "00000000000006bb"],
      ["package external libraries", "00000000000006bb"],
      ["module dynlibs", "00000000000006bb"],
      ["module plugins", "00000000000006bb"]]]]],
  ["Lean 4.31.0, commit 5e44d5f905127c78a2da7a015fe7a47840c95eb1",
   "888ac1029b4e55a7"],
  ["/home/predm/Git/Personal/NovoProjeto/MaxwellKeyPLUS/ExactChannelHermitian.lean",
   "cd63d7cd3ed8f668"],
  ["options", "00000000000006bb"],
  ["isModule: false", "feefd2a0d3a1847e"],
  ["Module.name: MaxwellKeyPLUS.ExactChannelHermitian", "69e98a64e40f3312"],
  ["Package.id?: (some MaxwellKey)", "1d940a7375b12fd5"],
  ["Module.leanArgs: #[]", "00000000000006bb"]],
 "depHash": "426d72734add15e6"}