{"synthetic": false,
 "schemaVersion": "2025-09-10",
 "outputs":
 {"o": ["5bcad6222b2d1eec.olean"],
  "m": false,
  "i": "454d72e3614593f1.ilean",
  "c": "144e54167bf82598.c"},
 "log":
 [{"message":
   ".> LEAN_PATH=/home/predm/Git/Personal/NovoProjeto/.lake/packages/Cli/.lake/build/lib/lean:/home/predm/Git/Personal/NovoProjeto/.lake/packages/batteries/.lake/build/lib/lean:/home/predm/Git/Personal/NovoProjeto/.lake/packages/Qq/.lake/build/lib/lean:/home/predm/Git/Personal/NovoProjeto/.lake/packages/aesop/.lake/build/lib/lean:/home/predm/Git/Personal/NovoProjeto/.lake/packages/proofwidgets/.lake/build/lib/lean:/home/predm/Git/Personal/NovoProjeto/.lake/packages/importGraph/.lake/build/lib/lean:/home/predm/Git/Personal/NovoProjeto/.lake/packages/LeanSearchClient/.lake/build/lib/lean:/home/predm/Git/Personal/NovoProjeto/.lake/packages/plausible/.lake/build/lib/lean:/home/predm/Git/Personal/NovoProjeto/.lake/packages/mathlib/.lake/build/lib/lean:/home/predm/Git/Personal/NovoProjeto/.lake/build/lib/lean /home/predm/.elan/toolchains/leanprover--lean4---v4.31.0-rc2/bin/lean /home/predm/Git/Personal/NovoProjeto/MaxwellKeyPLUS/ExactChannel.lean -o /home/predm/Git/Personal/NovoProjeto/.lake/build/lib/lean/MaxwellKeyPLUS/ExactChannel.olean -i /home/predm/Git/Personal/NovoProjeto/.lake/build/lib/lean/MaxwellKeyPLUS/ExactChannel.ilean -c /home/predm/Git/Personal/NovoProjeto/.lake/build/ir/MaxwellKeyPLUS/ExactChannel.c --setup /home/predm/Git/Personal/NovoProjeto/.lake/build/ir/MaxwellKeyPLUS/ExactChannel.setup.json --json",
   "level": "trace"},
  {"message":
   "MaxwellKeyPLUS/ExactChannel.lean:74:4: Try this: intro ⟨hsum, hdiff⟩ x",
   "level": "warning"}],
 "inputs":
 [["MaxwellKeyPLUS.ExactChannel:deps",
   [["deps",
     [["MaxwellKey/MaxwellKeyPLUS:extraDep",
       [["@MaxwellKey:extraDep", "00000000000006bb"]]],
      ["imports",
       [["Mathlib.Data.Matrix.Basic transitive imports (legacy)",
         "4563f006f2548cff"],
        ["Mathlib.Data.Matrix.Basic:importAllArts", "7a968a5fa9629c67"],
        ["Mathlib.Data.Real.Basic transitive imports (legacy)",
         "d65ade690665816a"],
        ["Mathlib.Data.Real.Basic:importAllArts", "f6d68b320669ab7c"],
        ["Mathlib.Tactic.Linarith transitive imports (legacy)",
         "d18d563a2893fe0a"],
        ["Mathlib.Tactic.Linarith:importAllArts", "2200781030924c40"],
        ["Mathlib.Tactic.Ring transitive imports (legacy)", "6e77108d1a3912ab"],
        ["Mathlib.Tactic.Ring:importAllArts", "60621be0539fee2c"],
        ["Mathlib.Tactic.FieldSimp transitive imports (legacy)",
         "55995605eac4e901"],
        ["Mathlib.Tactic.FieldSimp:importAllArts", "6c2f0fcea9825776"],
        ["Mathlib.Tactic.Positivity transitive imports (legacy)",
         "3e52b6e0b82c6bd7"],
        ["Mathlib.Tactic.Positivity:importAllArts", "5abd3347b7fe9d08"],
        ["Mathlib.Tactic.FinCases transitive imports (legacy)",
         "a7612774c511de31"],
        ["Mathlib.Tactic.FinCases:importAllArts", "26e42ce4ea534558"],
        ["MaxwellKey.LoewnerOrder transitive imports (legacy)",
         "34c86ee04bca6615"],
        ["MaxwellKey.LoewnerOrder:importAllArts", "fad5ce846118d713"],
        ["MaxwellKeyPLUS.DegradednessGeneral transitive imports (legacy)",
         "253ae283d58d881b"],
        ["MaxwellKeyPLUS.DegradednessGeneral:importAllArts",
         "391d5a8327cbdb64"]]]]],
    ["libs",
     [["import dynlibs", "00000000000006bb"],
      ["package external libraries", "00000000000006bb"],
      ["module dynlibs", "00000000000006bb"],
      ["module plugins", "00000000000006bb"]]]]],
  ["Lean 4.31.0, commit 5e44d5f905127c78a2da7a015fe7a47840c95eb1",
   "888ac1029b4e55a7"],
  ["/home/predm/Git/Personal/NovoProjeto/MaxwellKeyPLUS/ExactChannel.lean",
   "df30cd841d366368"],
  ["options", "00000000000006bb"],
  ["isModule: false", "feefd2a0d3a1847e"],
  ["Module.name: MaxwellKeyPLUS.ExactChannel", "ef56a67a29d343c3"],
  ["Package.id?: (some MaxwellKey)", "1d940a7375b12fd5"],
  ["Module.leanArgs: #[]", "00000000000006bb"]],
 "depHash": "f03fcb7d7fef0d1e"}