{"synthetic": false,
 "schemaVersion": "2025-09-10",
 "outputs":
 {"o": ["0e34e56466a19328.olean"],
  "m": false,
  "i": "67b8ba1c01336082.ilean",
  "c": "4355e273e4b410ea.c"},
 "log":
 [{"message":
   ".> LEAN_PATH=/home/predm/Git/Personal/NovoProjeto/.lake/packages/Cli/.lake/build/lib/lean:/home/predm/Git/Personal/NovoProjeto/.lake/packages/batteries/.lake/build/lib/lean:/home/predm/Git/Personal/NovoProjeto/.lake/packages/Qq/.lake/build/lib/lean:/home/predm/Git/Personal/NovoProjeto/.lake/packages/aesop/.lake/build/lib/lean:/home/predm/Git/Personal/NovoProjeto/.lake/packages/proofwidgets/.lake/build/lib/lean:/home/predm/Git/Personal/NovoProjeto/.lake/packages/importGraph/.lake/build/lib/lean:/home/predm/Git/Personal/NovoProjeto/.lake/packages/LeanSearchClient/.lake/build/lib/lean:/home/predm/Git/Personal/NovoProjeto/.lake/packages/plausible/.lake/build/lib/lean:/home/predm/Git/Personal/NovoProjeto/.lake/packages/mathlib/.lake/build/lib/lean:/home/predm/Git/Personal/NovoProjeto/.lake/build/lib/lean /home/predm/.elan/toolchains/leanprover--lean4---v4.31.0-rc2/bin/lean /home/predm/Git/Personal/NovoProjeto/MaxwellKeyPLUS/SecrecyCapacityGeneral.lean -o /home/predm/Git/Personal/NovoProjeto/.lake/build/lib/lean/MaxwellKeyPLUS/SecrecyCapacityGeneral.olean -i /home/predm/Git/Personal/NovoProjeto/.lake/build/lib/lean/MaxwellKeyPLUS/SecrecyCapacityGeneral.ilean -c /home/predm/Git/Personal/NovoProjeto/.lake/build/ir/MaxwellKeyPLUS/SecrecyCapacityGeneral.c --setup /home/predm/Git/Personal/NovoProjeto/.lake/build/ir/MaxwellKeyPLUS/SecrecyCapacityGeneral.setup.json --json",
   "level": "trace"}],
 "inputs":
 [["MaxwellKeyPLUS.SecrecyCapacityGeneral:deps",
   [["deps",
     [["MaxwellKey/MaxwellKeyPLUS:extraDep",
       [["@MaxwellKey:extraDep", "00000000000006bb"]]],
      ["imports",
       [["Mathlib.Data.Real.Basic transitive imports (legacy)",
         "d65ade690665816a"],
        ["Mathlib.Data.Real.Basic:importAllArts", "f6d68b320669ab7c"],
        ["Mathlib.Analysis.SpecialFunctions.Log.Base transitive imports (legacy)",
         "48b90dacbc30e24e"],
        ["Mathlib.Analysis.SpecialFunctions.Log.Base:importAllArts",
         "e8f77cbe8174fd26"],
        ["Mathlib.Tactic.Linarith transitive imports (legacy)",
         "d18d563a2893fe0a"],
        ["Mathlib.Tactic.Linarith:importAllArts", "2200781030924c40"],
        ["Mathlib.Tactic.Ring transitive imports (legacy)", "6e77108d1a3912ab"],
        ["Mathlib.Tactic.Ring:importAllArts", "60621be0539fee2c"],
        ["Mathlib.Tactic.FieldSimp transitive imports (legacy)",
         "55995605eac4e901"],
        ["Mathlib.Tactic.FieldSimp:importAllArts", "6c2f0fcea9825776"],
        ["MaxwellKeyPLUS.DegradednessGeneral transitive imports (legacy)",
         "253ae283d58d881b"],
        ["MaxwellKeyPLUS.DegradednessGeneral:importAllArts",
         "391d5a8327cbdb64"]]]]],
    ["libs",
     [["import dynlibs", "00000000000006bb"],
      ["package external libraries", "00000000000006bb"],
      ["module dynlibs", "00000000000006bb"],
      ["module plugins", "00000000000006bb"]]]]],
  ["Lean 4.31.0, commit 5e44d5f905127c78a2da7a015fe7a47840c95eb1",
   "888ac1029b4e55a7"],
  ["/home/predm/Git/Personal/NovoProjeto/MaxwellKeyPLUS/SecrecyCapacityGeneral.lean",
   "c22eb469f2bc075d"],
  ["options", "00000000000006bb"],
  ["isModule: false", "feefd2a0d3a1847e"],
  ["Module.name: MaxwellKeyPLUS.SecrecyCapacityGeneral", "f5e15bde9c6900a4"],
  ["Package.id?: (some MaxwellKey)", "1d940a7375b12fd5"],
  ["Module.leanArgs: #[]", "00000000000006bb"]],
 "depHash": "a679812711a428a7"}