{"synthetic": false,
 "schemaVersion": "2025-09-10",
 "outputs":
 {"o": ["03d1494684662ea2.olean"],
  "m": false,
  "i": "a42ab4732e430979.ilean",
  "c": "1e25a0f31099693a.c"},
 "log":
 [{"message":
   ".> LEAN_PATH=/home/predm/Git/Personal/NovoProjeto/.lake/packages/Cli/.lake/build/lib/lean:/home/predm/Git/Personal/NovoProjeto/.lake/packages/batteries/.lake/build/lib/lean:/home/predm/Git/Personal/NovoProjeto/.lake/packages/Qq/.lake/build/lib/lean:/home/predm/Git/Personal/NovoProjeto/.lake/packages/aesop/.lake/build/lib/lean:/home/predm/Git/Personal/NovoProjeto/.lake/packages/proofwidgets/.lake/build/lib/lean:/home/predm/Git/Personal/NovoProjeto/.lake/packages/importGraph/.lake/build/lib/lean:/home/predm/Git/Personal/NovoProjeto/.lake/packages/LeanSearchClient/.lake/build/lib/lean:/home/predm/Git/Personal/NovoProjeto/.lake/packages/plausible/.lake/build/lib/lean:/home/predm/Git/Personal/NovoProjeto/.lake/packages/mathlib/.lake/build/lib/lean:/home/predm/Git/Personal/NovoProjeto/.lake/build/lib/lean /home/predm/.elan/toolchains/leanprover--lean4---v4.31.0-rc2/bin/lean /home/predm/Git/Personal/NovoProjeto/MaxwellKeyPLUS/VerifiedFirmware.lean -o /home/predm/Git/Personal/NovoProjeto/.lake/build/lib/lean/MaxwellKeyPLUS/VerifiedFirmware.olean -i /home/predm/Git/Personal/NovoProjeto/.lake/build/lib/lean/MaxwellKeyPLUS/VerifiedFirmware.ilean -c /home/predm/Git/Personal/NovoProjeto/.lake/build/ir/MaxwellKeyPLUS/VerifiedFirmware.c --setup /home/predm/Git/Personal/NovoProjeto/.lake/build/ir/MaxwellKeyPLUS/VerifiedFirmware.setup.json --json",
   "level": "trace"},
  {"message": "MaxwellKeyPLUS/VerifiedFirmware.lean:225:0: true",
   "level": "info"}],
 "inputs":
 [["MaxwellKeyPLUS.VerifiedFirmware:deps",
   [["deps",
     [["MaxwellKey/MaxwellKeyPLUS:extraDep",
       [["@MaxwellKey:extraDep", "00000000000006bb"]]],
      ["imports",
       [["MaxwellKeyPLUS.SecrecyCapacityGeneral transitive imports (legacy)",
         "65163f98c6cee3ff"],
        ["MaxwellKeyPLUS.SecrecyCapacityGeneral:importAllArts",
         "12e0777dfe7ead05"],
        ["MaxwellKeyPLUS.DegradednessGeneral transitive imports (legacy)",
         "253ae283d58d881b"],
        ["MaxwellKeyPLUS.DegradednessGeneral:importAllArts",
         "391d5a8327cbdb64"]]]]],
    ["libs",
     [["import dynlibs", "00000000000006bb"],
      ["package external libraries", "00000000000006bb"],
      ["module dynlibs", "00000000000006bb"],
      ["module plugins", "00000000000006bb"]]]]],
  ["Lean 4.31.0, commit 5e44d5f905127c78a2da7a015fe7a47840c95eb1",
   "888ac1029b4e55a7"],
  ["/home/predm/Git/Personal/NovoProjeto/MaxwellKeyPLUS/VerifiedFirmware.lean",
   "a2e208a747bf6ac1"],
  ["options", "00000000000006bb"],
  ["isModule: false", "feefd2a0d3a1847e"],
  ["Module.name: MaxwellKeyPLUS.VerifiedFirmware", "a4576f74e56020ea"],
  ["Package.id?: (some MaxwellKey)", "1d940a7375b12fd5"],
  ["Module.leanArgs: #[]", "00000000000006bb"]],
 "depHash": "ec2b084622c11659"}