{"synthetic": false,
 "schemaVersion": "2025-09-10",
 "outputs":
 {"o": ["324cecee56cb1aee.olean"],
  "m": false,
  "i": "cb6ec94177740bfe.ilean",
  "c": "857ab188b6253ebe.c"},
 "log":
 [{"message":
   ".> LEAN_PATH=/home/predm/Git/Personal/NovoProjeto/.lake/packages/Cli/.lake/build/lib/lean:/home/predm/Git/Personal/NovoProjeto/.lake/packages/batteries/.lake/build/lib/lean:/home/predm/Git/Personal/NovoProjeto/.lake/packages/Qq/.lake/build/lib/lean:/home/predm/Git/Personal/NovoProjeto/.lake/packages/aesop/.lake/build/lib/lean:/home/predm/Git/Personal/NovoProjeto/.lake/packages/proofwidgets/.lake/build/lib/lean:/home/predm/Git/Personal/NovoProjeto/.lake/packages/importGraph/.lake/build/lib/lean:/home/predm/Git/Personal/NovoProjeto/.lake/packages/LeanSearchClient/.lake/build/lib/lean:/home/predm/Git/Personal/NovoProjeto/.lake/packages/plausible/.lake/build/lib/lean:/home/predm/Git/Personal/NovoProjeto/.lake/packages/mathlib/.lake/build/lib/lean:/home/predm/Git/Personal/NovoProjeto/.lake/build/lib/lean /home/predm/.elan/toolchains/leanprover--lean4---v4.31.0-rc2/bin/lean /home/predm/Git/Personal/NovoProjeto/MaxwellKeyPLUS/VerifiedExtraction.lean -o /home/predm/Git/Personal/NovoProjeto/.lake/build/lib/lean/MaxwellKeyPLUS/VerifiedExtraction.olean -i /home/predm/Git/Personal/NovoProjeto/.lake/build/lib/lean/MaxwellKeyPLUS/VerifiedExtraction.ilean -c /home/predm/Git/Personal/NovoProjeto/.lake/build/ir/MaxwellKeyPLUS/VerifiedExtraction.c --setup /home/predm/Git/Personal/NovoProjeto/.lake/build/ir/MaxwellKeyPLUS/VerifiedExtraction.setup.json --json",
   "level": "trace"}],
 "inputs":
 [["MaxwellKeyPLUS.VerifiedExtraction:deps",
   [["deps",
     [["MaxwellKey/MaxwellKeyPLUS:extraDep",
       [["@MaxwellKey:extraDep", "00000000000006bb"]]],
      ["imports",
       [["Mathlib.Data.Real.Basic transitive imports (legacy)",
         "d65ade690665816a"],
        ["Mathlib.Data.Real.Basic:importAllArts", "f6d68b320669ab7c"],
        ["Mathlib.Tactic.Ring transitive imports (legacy)", "6e77108d1a3912ab"],
        ["Mathlib.Tactic.Ring:importAllArts", "60621be0539fee2c"]]]]],
    ["libs",
     [["import dynlibs", "00000000000006bb"],
      ["package external libraries", "00000000000006bb"],
      ["module dynlibs", "00000000000006bb"],
      ["module plugins", "00000000000006bb"]]]]],
  ["Lean 4.31.0, commit 5e44d5f905127c78a2da7a015fe7a47840c95eb1",
   "888ac1029b4e55a7"],
  ["/home/predm/Git/Personal/NovoProjeto/MaxwellKeyPLUS/VerifiedExtraction.lean",
   "eed637b11d6e42e6"],
  ["options", "00000000000006bb"],
  ["isModule: false", "feefd2a0d3a1847e"],
  ["Module.name: MaxwellKeyPLUS.VerifiedExtraction", "36c74d34aad37316"],
  ["Package.id?: (some MaxwellKey)", "1d940a7375b12fd5"],
  ["Module.leanArgs: #[]", "00000000000006bb"]],
 "depHash": "1f22a3c5108db38b"}