{"synthetic": false,
 "schemaVersion": "2025-09-10",
 "outputs":
 {"o": ["c8daa62c9497e1bc.olean"],
  "m": false,
  "i": "4c005f1f50143131.ilean",
  "c": "4989b81432bba285.c"},
 "log":
 [{"message":
   ".> LEAN_PATH=/home/predm/Git/Personal/NovoProjeto/.lake/packages/Cli/.lake/build/lib/lean:/home/predm/Git/Personal/NovoProjeto/.lake/packages/batteries/.lake/build/lib/lean:/home/predm/Git/Personal/NovoProjeto/.lake/packages/Qq/.lake/build/lib/lean:/home/predm/Git/Personal/NovoProjeto/.lake/packages/aesop/.lake/build/lib/lean:/home/predm/Git/Personal/NovoProjeto/.lake/packages/proofwidgets/.lake/build/lib/lean:/home/predm/Git/Personal/NovoProjeto/.lake/packages/importGraph/.lake/build/lib/lean:/home/predm/Git/Personal/NovoProjeto/.lake/packages/LeanSearchClient/.lake/build/lib/lean:/home/predm/Git/Personal/NovoProjeto/.lake/packages/plausible/.lake/build/lib/lean:/home/predm/Git/Personal/NovoProjeto/.lake/packages/mathlib/.lake/build/lib/lean:/home/predm/Git/Personal/NovoProjeto/.lake/build/lib/lean /home/predm/.elan/toolchains/leanprover--lean4---v4.31.0-rc2/bin/lean /home/predm/Git/Personal/NovoProjeto/MaxwellKey/Examples/TwoParallelStrips.lean -o /home/predm/Git/Personal/NovoProjeto/.lake/build/lib/lean/MaxwellKey/Examples/TwoParallelStrips.olean -i /home/predm/Git/Personal/NovoProjeto/.lake/build/lib/lean/MaxwellKey/Examples/TwoParallelStrips.ilean -c /home/predm/Git/Personal/NovoProjeto/.lake/build/ir/MaxwellKey/Examples/TwoParallelStrips.c --setup /home/predm/Git/Personal/NovoProjeto/.lake/build/ir/MaxwellKey/Examples/TwoParallelStrips.setup.json --json",
   "level": "trace"}],
 "inputs":
 [["MaxwellKey.Examples.TwoParallelStrips:deps",
   [["deps",
     [["MaxwellKey/MaxwellKey:extraDep",
       [["@MaxwellKey:extraDep", "00000000000006bb"]]],
      ["imports",
       [["Mathlib.Data.Real.Basic transitive imports (legacy)",
         "d65ade690665816a"],
        ["Mathlib.Data.Real.Basic:importAllArts", "f6d68b320669ab7c"],
        ["Mathlib.Analysis.SpecialFunctions.Log.Base transitive imports (legacy)",
         "48b90dacbc30e24e"],
        ["Mathlib.Analysis.SpecialFunctions.Log.Base:importAllArts",
         "e8f77cbe8174fd26"],
        ["Mathlib.Tactic.NormNum transitive imports (legacy)",
         "fca6e792259a9315"],
        ["Mathlib.Tactic.NormNum:importAllArts", "1fb0094cc765ca3d"],
        ["Mathlib.Tactic.Linarith transitive imports (legacy)",
         "d18d563a2893fe0a"],
        ["Mathlib.Tactic.Linarith:importAllArts", "2200781030924c40"],
        ["MaxwellKeyPLUS.DegradednessGeneral transitive imports (legacy)",
         "253ae283d58d881b"],
        ["MaxwellKeyPLUS.DegradednessGeneral:importAllArts",
         "391d5a8327cbdb64"],
        ["MaxwellKeyPLUS.SecrecyCapacityGeneral transitive imports (legacy)",
         "65163f98c6cee3ff"],
        ["MaxwellKeyPLUS.SecrecyCapacityGeneral:importAllArts",
         "12e0777dfe7ead05"]]]]],
    ["libs",
     [["import dynlibs", "00000000000006bb"],
      ["package external libraries", "00000000000006bb"],
      ["module dynlibs", "00000000000006bb"],
      ["module plugins", "00000000000006bb"]]]]],
  ["Lean 4.31.0, commit 5e44d5f905127c78a2da7a015fe7a47840c95eb1",
   "888ac1029b4e55a7"],
  ["/home/predm/Git/Personal/NovoProjeto/MaxwellKey/Examples/TwoParallelStrips.lean",
   "03faefdfa84b52f8"],
  ["options", "00000000000006bb"],
  ["isModule: false", "feefd2a0d3a1847e"],
  ["Module.name: MaxwellKey.Examples.TwoParallelStrips", "991fb0a9d59d6ba3"],
  ["Package.id?: (some MaxwellKey)", "1d940a7375b12fd5"],
  ["Module.leanArgs: #[]", "00000000000006bb"]],
 "depHash": "c38e7399377a1e5e"}