{"synthetic": false,
 "schemaVersion": "2025-09-10",
 "outputs":
 {"o": ["b3619d71d5cb9f3e.olean"],
  "m": false,
  "i": "f9d8cd478eeda306.ilean",
  "c": "b9e97a47c9b442ef.c"},
 "log":
 [{"message":
   ".> LEAN_PATH=/home/predm/Git/Personal/NovoProjeto/.lake/packages/Cli/.lake/build/lib/lean:/home/predm/Git/Personal/NovoProjeto/.lake/packages/batteries/.lake/build/lib/lean:/home/predm/Git/Personal/NovoProjeto/.lake/packages/Qq/.lake/build/lib/lean:/home/predm/Git/Personal/NovoProjeto/.lake/packages/aesop/.lake/build/lib/lean:/home/predm/Git/Personal/NovoProjeto/.lake/packages/proofwidgets/.lake/build/lib/lean:/home/predm/Git/Personal/NovoProjeto/.lake/packages/importGraph/.lake/build/lib/lean:/home/predm/Git/Personal/NovoProjeto/.lake/packages/LeanSearchClient/.lake/build/lib/lean:/home/predm/Git/Personal/NovoProjeto/.lake/packages/plausible/.lake/build/lib/lean:/home/predm/Git/Personal/NovoProjeto/.lake/packages/mathlib/.lake/build/lib/lean:/home/predm/Git/Personal/NovoProjeto/.lake/build/lib/lean /home/predm/.elan/toolchains/leanprover--lean4---v4.31.0-rc2/bin/lean /home/predm/Git/Personal/NovoProjeto/MaxwellKeyPLUS.lean -o /home/predm/Git/Personal/NovoProjeto/.lake/build/lib/lean/MaxwellKeyPLUS.olean -i /home/predm/Git/Personal/NovoProjeto/.lake/build/lib/lean/MaxwellKeyPLUS.ilean -c /home/predm/Git/Personal/NovoProjeto/.lake/build/ir/MaxwellKeyPLUS.c --setup /home/predm/Git/Personal/NovoProjeto/.lake/build/ir/MaxwellKeyPLUS.setup.json --json",
   "level": "trace"}],
 "inputs":
 [["MaxwellKeyPLUS:deps",
   [["deps",
     [["MaxwellKey/MaxwellKeyPLUS:extraDep",
       [["@MaxwellKey:extraDep", "00000000000006bb"]]],
      ["imports",
       [["MaxwellKeyPLUS.Assumptions transitive imports (legacy)",
         "c170c9fd46364533"],
        ["MaxwellKeyPLUS.Assumptions:importAllArts", "56765b5f861bad85"],
        ["MaxwellKeyPLUS.DegradednessGeneral transitive imports (legacy)",
         "253ae283d58d881b"],
        ["MaxwellKeyPLUS.DegradednessGeneral:importAllArts",
         "391d5a8327cbdb64"],
        ["MaxwellKeyPLUS.ExactChannel transitive imports (legacy)",
         "c2e12330b9ff9763"],
        ["MaxwellKeyPLUS.ExactChannel:importAllArts", "889ea0d519df138b"],
        ["MaxwellKeyPLUS.ExactChannelHermitian transitive imports (legacy)",
         "958dd8a237f8ac98"],
        ["MaxwellKeyPLUS.ExactChannelHermitian:importAllArts",
         "b5274d6e3b4e72cc"],
        ["MaxwellKeyPLUS.SecrecyCapacityGeneral transitive imports (legacy)",
         "65163f98c6cee3ff"],
        ["MaxwellKeyPLUS.SecrecyCapacityGeneral:importAllArts",
         "12e0777dfe7ead05"],
        ["MaxwellKeyPLUS.VerifiedFirmware transitive imports (legacy)",
         "bcab712168e28e51"],
        ["MaxwellKeyPLUS.VerifiedFirmware:importAllArts", "33e4abc0d981df9f"],
        ["MaxwellKeyPLUS.VerifiedExtraction transitive imports (legacy)",
         "d36362b944a80415"],
        ["MaxwellKeyPLUS.VerifiedExtraction:importAllArts", "cc0e170f6f43a6db"],
        ["MaxwellKeyPLUS.Examples.TemplateRealParams transitive imports (legacy)",
         "31583a5178e2d02d"],
        ["MaxwellKeyPLUS.Examples.TemplateRealParams:importAllArts",
         "942e1315db947c4b"],
        ["MaxwellKeyPLUS.Examples.TwoParallelStripsComputable transitive imports (legacy)",
         "00000000000006bb"],
        ["MaxwellKeyPLUS.Examples.TwoParallelStripsComputable:importAllArts",
         "f96860ae992700fc"]]]]],
    ["libs",
     [["import dynlibs", "00000000000006bb"],
      ["package external libraries", "00000000000006bb"],
      ["module dynlibs", "00000000000006bb"],
      ["module plugins", "00000000000006bb"]]]]],
  ["Lean 4.31.0, commit 5e44d5f905127c78a2da7a015fe7a47840c95eb1",
   "888ac1029b4e55a7"],
  ["/home/predm/Git/Personal/NovoProjeto/MaxwellKeyPLUS.lean",
   "1b15563cca81fbb4"],
  ["options", "00000000000006bb"],
  ["isModule: false", "feefd2a0d3a1847e"],
  ["Module.name: MaxwellKeyPLUS", "bac14cf72a6fc160"],
  ["Package.id?: (some MaxwellKey)", "1d940a7375b12fd5"],
  ["Module.leanArgs: #[]", "00000000000006bb"]],
 "depHash": "1afbc014738efa3c"}