{"synthetic": false,
 "schemaVersion": "2025-09-10",
 "outputs":
 {"o": ["db3232df67f55b96.olean"],
  "m": false,
  "i": "5104517918c9fff5.ilean",
  "c": "9d681e144e79a076.c"},
 "log":
 [{"message":
   ".> LEAN_PATH=/home/predm/Git/Personal/NovoProjeto/.lake/packages/Cli/.lake/build/lib/lean:/home/predm/Git/Personal/NovoProjeto/.lake/packages/batteries/.lake/build/lib/lean:/home/predm/Git/Personal/NovoProjeto/.lake/packages/Qq/.lake/build/lib/lean:/home/predm/Git/Personal/NovoProjeto/.lake/packages/aesop/.lake/build/lib/lean:/home/predm/Git/Personal/NovoProjeto/.lake/packages/proofwidgets/.lake/build/lib/lean:/home/predm/Git/Personal/NovoProjeto/.lake/packages/importGraph/.lake/build/lib/lean:/home/predm/Git/Personal/NovoProjeto/.lake/packages/LeanSearchClient/.lake/build/lib/lean:/home/predm/Git/Personal/NovoProjeto/.lake/packages/plausible/.lake/build/lib/lean:/home/predm/Git/Personal/NovoProjeto/.lake/packages/mathlib/.lake/build/lib/lean:/home/predm/Git/Personal/NovoProjeto/.lake/build/lib/lean /home/predm/.elan/toolchains/leanprover--lean4---v4.31.0-rc2/bin/lean /home/predm/Git/Personal/NovoProjeto/MaxwellKey.lean -o /home/predm/Git/Personal/NovoProjeto/.lake/build/lib/lean/MaxwellKey.olean -i /home/predm/Git/Personal/NovoProjeto/.lake/build/lib/lean/MaxwellKey.ilean -c /home/predm/Git/Personal/NovoProjeto/.lake/build/ir/MaxwellKey.c --setup /home/predm/Git/Personal/NovoProjeto/.lake/build/ir/MaxwellKey.setup.json --json",
   "level": "trace"}],
 "inputs":
 [["MaxwellKey:deps",
   [["deps",
     [["MaxwellKey/MaxwellKey:extraDep",
       [["@MaxwellKey:extraDep", "00000000000006bb"]]],
      ["imports",
       [["MaxwellKey.AdmittanceMatrix transitive imports (legacy)",
         "41df0cc89a73fc57"],
        ["MaxwellKey.AdmittanceMatrix:importAllArts", "ce508d83f19be38c"],
        ["MaxwellKey.ChannelMatrix transitive imports (legacy)",
         "facea3b9f4d51ea1"],
        ["MaxwellKey.ChannelMatrix:importAllArts", "e92c65f1cad64d49"],
        ["MaxwellKey.LoewnerOrder transitive imports (legacy)",
         "34c86ee04bca6615"],
        ["MaxwellKey.LoewnerOrder:importAllArts", "fad5ce846118d713"],
        ["MaxwellKeyPLUS.DegradednessGeneral transitive imports (legacy)",
         "253ae283d58d881b"],
        ["MaxwellKeyPLUS.DegradednessGeneral:importAllArts",
         "391d5a8327cbdb64"],
        ["MaxwellKeyPLUS.SecrecyCapacityGeneral transitive imports (legacy)",
         "65163f98c6cee3ff"],
        ["MaxwellKeyPLUS.SecrecyCapacityGeneral:importAllArts",
         "12e0777dfe7ead05"],
        ["MaxwellKeyPLUS.Assumptions transitive imports (legacy)",
         "c170c9fd46364533"],
        ["MaxwellKeyPLUS.Assumptions:importAllArts", "56765b5f861bad85"],
        ["MaxwellKeyPLUS.VerifiedFirmware transitive imports (legacy)",
         "bcab712168e28e51"],
        ["MaxwellKeyPLUS.VerifiedFirmware:importAllArts", "33e4abc0d981df9f"],
        ["MaxwellKey.Examples.TwoParallelStrips transitive imports (legacy)",
         "140cbd42e8c69707"],
        ["MaxwellKey.Examples.TwoParallelStrips:importAllArts",
         "86c37d6eaa05d2bf"],
        ["MaxwellKey.Tests.SanityChecks transitive imports (legacy)",
         "8d7cac70d2e48880"],
        ["MaxwellKey.Tests.SanityChecks:importAllArts", "97a2e889dbd66678"]]]]],
    ["libs",
     [["import dynlibs", "00000000000006bb"],
      ["package external libraries", "00000000000006bb"],
      ["module dynlibs", "00000000000006bb"],
      ["module plugins", "00000000000006bb"]]]]],
  ["Lean 4.31.0, commit 5e44d5f905127c78a2da7a015fe7a47840c95eb1",
   "888ac1029b4e55a7"],
  ["/home/predm/Git/Personal/NovoProjeto/MaxwellKey.lean", "3e586487cee3a6c8"],
  ["options", "00000000000006bb"],
  ["isModule: false", "feefd2a0d3a1847e"],
  ["Module.name: MaxwellKey", "ed33650925563dbd"],
  ["Package.id?: (some MaxwellKey)", "1d940a7375b12fd5"],
  ["Module.leanArgs: #[]", "00000000000006bb"]],
 "depHash": "b78cff18473d68c7"}