{"synthetic": false,
 "schemaVersion": "2025-09-10",
 "outputs":
 {"o": ["26a4743188a63af1.olean"],
  "m": false,
  "i": "0b00d47ec7a91ec0.ilean",
  "c": "909b5608aa31d446.c"},
 "log":
 [{"message":
   ".> LEAN_PATH=/home/predm/Git/Personal/NovoProjeto/.lake/packages/Cli/.lake/build/lib/lean:/home/predm/Git/Personal/NovoProjeto/.lake/packages/batteries/.lake/build/lib/lean:/home/predm/Git/Personal/NovoProjeto/.lake/packages/Qq/.lake/build/lib/lean:/home/predm/Git/Personal/NovoProjeto/.lake/packages/aesop/.lake/build/lib/lean:/home/predm/Git/Personal/NovoProjeto/.lake/packages/proofwidgets/.lake/build/lib/lean:/home/predm/Git/Personal/NovoProjeto/.lake/packages/importGraph/.lake/build/lib/lean:/home/predm/Git/Personal/NovoProjeto/.lake/packages/LeanSearchClient/.lake/build/lib/lean:/home/predm/Git/Personal/NovoProjeto/.lake/packages/plausible/.lake/build/lib/lean:/home/predm/Git/Personal/NovoProjeto/.lake/packages/mathlib/.lake/build/lib/lean:/home/predm/Git/Personal/NovoProjeto/.lake/build/lib/lean /home/predm/.elan/toolchains/leanprover--lean4---v4.31.0-rc2/bin/lean /home/predm/Git/Personal/NovoProjeto/MaxwellKey/ChannelMatrix.lean -o /home/predm/Git/Personal/NovoProjeto/.lake/build/lib/lean/MaxwellKey/ChannelMatrix.olean -i /home/predm/Git/Personal/NovoProjeto/.lake/build/lib/lean/MaxwellKey/ChannelMatrix.ilean -c /home/predm/Git/Personal/NovoProjeto/.lake/build/ir/MaxwellKey/ChannelMatrix.c --setup /home/predm/Git/Personal/NovoProjeto/.lake/build/ir/MaxwellKey/ChannelMatrix.setup.json --json",
   "level": "trace"}],
 "inputs":
 [["MaxwellKey.ChannelMatrix:deps",
   [["deps",
     [["MaxwellKey/MaxwellKey:extraDep",
       [["@MaxwellKey:extraDep", "00000000000006bb"]]],
      ["imports",
       [["Mathlib.Data.Matrix.Basic transitive imports (legacy)",
         "4563f006f2548cff"],
        ["Mathlib.Data.Matrix.Basic:importAllArts", "7a968a5fa9629c67"],
        ["Mathlib.Data.Complex.Basic transitive imports (legacy)",
         "db607245bfcc0372"],
        ["Mathlib.Data.Complex.Basic:importAllArts", "2d72f10fa9a6aa93"],
        ["Mathlib.Data.Real.Basic transitive imports (legacy)",
         "d65ade690665816a"],
        ["Mathlib.Data.Real.Basic:importAllArts", "f6d68b320669ab7c"],
        ["Mathlib.Analysis.SpecialFunctions.Trigonometric.Basic transitive imports (legacy)",
         "910a389311acd529"],
        ["Mathlib.Analysis.SpecialFunctions.Trigonometric.Basic:importAllArts",
         "1fd0265cfdf8c297"],
        ["Mathlib.Data.Fin.VecNotation transitive imports (legacy)",
         "8332e85fdff31bca"],
        ["Mathlib.Data.Fin.VecNotation:importAllArts", "9a3763ed3a876b58"],
        ["Mathlib.Tactic.FinCases transitive imports (legacy)",
         "a7612774c511de31"],
        ["Mathlib.Tactic.FinCases:importAllArts", "26e42ce4ea534558"],
        ["MaxwellKey.AdmittanceMatrix transitive imports (legacy)",
         "41df0cc89a73fc57"],
        ["MaxwellKey.AdmittanceMatrix:importAllArts", "ce508d83f19be38c"]]]]],
    ["libs",
     [["import dynlibs", "00000000000006bb"],
      ["package external libraries", "00000000000006bb"],
      ["module dynlibs", "00000000000006bb"],
      ["module plugins", "00000000000006bb"]]]]],
  ["Lean 4.31.0, commit 5e44d5f905127c78a2da7a015fe7a47840c95eb1",
   "888ac1029b4e55a7"],
  ["/home/predm/Git/Personal/NovoProjeto/MaxwellKey/ChannelMatrix.lean",
   "033a2b7583743ffd"],
  ["options", "00000000000006bb"],
  ["isModule: false", "feefd2a0d3a1847e"],
  ["Module.name: MaxwellKey.ChannelMatrix", "0b8e601ce8af2e77"],
  ["Package.id?: (some MaxwellKey)", "1d940a7375b12fd5"],
  ["Module.leanArgs: #[]", "00000000000006bb"]],
 "depHash": "d34760d0e82fbf25"}