{"synthetic": false,
 "schemaVersion": "2025-09-10",
 "outputs":
 {"o": ["f479ad6c966212db.olean"],
  "m": false,
  "i": "dcbc50cd388b3a57.ilean",
  "c": "7963581c45de3e46.c"},
 "log":
 [{"message":
   ".> LEAN_PATH=/home/predm/Git/Personal/NovoProjeto/.lake/packages/Cli/.lake/build/lib/lean:/home/predm/Git/Personal/NovoProjeto/.lake/packages/batteries/.lake/build/lib/lean:/home/predm/Git/Personal/NovoProjeto/.lake/packages/Qq/.lake/build/lib/lean:/home/predm/Git/Personal/NovoProjeto/.lake/packages/aesop/.lake/build/lib/lean:/home/predm/Git/Personal/NovoProjeto/.lake/packages/proofwidgets/.lake/build/lib/lean:/home/predm/Git/Personal/NovoProjeto/.lake/packages/importGraph/.lake/build/lib/lean:/home/predm/Git/Personal/NovoProjeto/.lake/packages/LeanSearchClient/.lake/build/lib/lean:/home/predm/Git/Personal/NovoProjeto/.lake/packages/plausible/.lake/build/lib/lean:/home/predm/Git/Personal/NovoProjeto/.lake/packages/mathlib/.lake/build/lib/lean:/home/predm/Git/Personal/NovoProjeto/.lake/build/lib/lean /home/predm/.elan/toolchains/leanprover--lean4---v4.31.0-rc2/bin/lean /home/predm/Git/Personal/NovoProjeto/MaxwellKey/LoewnerOrder.lean -o /home/predm/Git/Personal/NovoProjeto/.lake/build/lib/lean/MaxwellKey/LoewnerOrder.olean -i /home/predm/Git/Personal/NovoProjeto/.lake/build/lib/lean/MaxwellKey/LoewnerOrder.ilean -c /home/predm/Git/Personal/NovoProjeto/.lake/build/ir/MaxwellKey/LoewnerOrder.c --setup /home/predm/Git/Personal/NovoProjeto/.lake/build/ir/MaxwellKey/LoewnerOrder.setup.json --json",
   "level": "trace"}],
 "inputs":
 [["MaxwellKey.LoewnerOrder:deps",
   [["deps",
     [["MaxwellKey/MaxwellKey:extraDep",
       [["@MaxwellKey:extraDep", "00000000000006bb"]]],
      ["imports",
       [["Mathlib.Data.Matrix.Basic transitive imports (legacy)",
         "4563f006f2548cff"],
        ["Mathlib.Data.Matrix.Basic:importAllArts", "7a968a5fa9629c67"],
        ["Mathlib.Data.Real.Basic transitive imports (legacy)",
         "d65ade690665816a"],
        ["Mathlib.Data.Real.Basic:importAllArts", "f6d68b320669ab7c"],
        ["Mathlib.Data.Fin.VecNotation transitive imports (legacy)",
         "8332e85fdff31bca"],
        ["Mathlib.Data.Fin.VecNotation:importAllArts", "9a3763ed3a876b58"],
        ["Mathlib.Tactic.FinCases transitive imports (legacy)",
         "a7612774c511de31"],
        ["Mathlib.Tactic.FinCases:importAllArts", "26e42ce4ea534558"],
        ["Mathlib.Tactic.Linarith transitive imports (legacy)",
         "d18d563a2893fe0a"],
        ["Mathlib.Tactic.Linarith:importAllArts", "2200781030924c40"],
        ["Mathlib.Tactic.Ring transitive imports (legacy)", "6e77108d1a3912ab"],
        ["Mathlib.Tactic.Ring:importAllArts", "60621be0539fee2c"]]]]],
    ["libs",
     [["import dynlibs", "00000000000006bb"],
      ["package external libraries", "00000000000006bb"],
      ["module dynlibs", "00000000000006bb"],
      ["module plugins", "00000000000006bb"]]]]],
  ["Lean 4.31.0, commit 5e44d5f905127c78a2da7a015fe7a47840c95eb1",
   "888ac1029b4e55a7"],
  ["/home/predm/Git/Personal/NovoProjeto/MaxwellKey/LoewnerOrder.lean",
   "da44560f4aa46e39"],
  ["options", "00000000000006bb"],
  ["isModule: false", "feefd2a0d3a1847e"],
  ["Module.name: MaxwellKey.LoewnerOrder", "cc3725fee51ad6a2"],
  ["Package.id?: (some MaxwellKey)", "1d940a7375b12fd5"],
  ["Module.leanArgs: #[]", "00000000000006bb"]],
 "depHash": "369e11da54d939dd"}