{"synthetic": false,
 "schemaVersion": "2025-09-10",
 "outputs":
 {"o": ["58b5fb7f5a4b81c1.olean"],
  "m": false,
  "i": "5980a56d966d0765.ilean",
  "c": "002e6c93a08a8878.c"},
 "log":
 [{"message":
   ".> LEAN_PATH=/home/predm/Git/Personal/NovoProjeto/.lake/packages/Cli/.lake/build/lib/lean:/home/predm/Git/Personal/NovoProjeto/.lake/packages/batteries/.lake/build/lib/lean:/home/predm/Git/Personal/NovoProjeto/.lake/packages/Qq/.lake/build/lib/lean:/home/predm/Git/Personal/NovoProjeto/.lake/packages/aesop/.lake/build/lib/lean:/home/predm/Git/Personal/NovoProjeto/.lake/packages/proofwidgets/.lake/build/lib/lean:/home/predm/Git/Personal/NovoProjeto/.lake/packages/importGraph/.lake/build/lib/lean:/home/predm/Git/Personal/NovoProjeto/.lake/packages/LeanSearchClient/.lake/build/lib/lean:/home/predm/Git/Personal/NovoProjeto/.lake/packages/plausible/.lake/build/lib/lean:/home/predm/Git/Personal/NovoProjeto/.lake/packages/mathlib/.lake/build/lib/lean:/home/predm/Git/Personal/NovoProjeto/.lake/build/lib/lean /home/predm/.elan/toolchains/leanprover--lean4---v4.31.0-rc2/bin/lean /home/predm/Git/Personal/NovoProjeto/MaxwellKey/SecrecyCapacity.lean -o /home/predm/Git/Personal/NovoProjeto/.lake/build/lib/lean/MaxwellKey/SecrecyCapacity.olean -i /home/predm/Git/Personal/NovoProjeto/.lake/build/lib/lean/MaxwellKey/SecrecyCapacity.ilean -c /home/predm/Git/Personal/NovoProjeto/.lake/build/ir/MaxwellKey/SecrecyCapacity.c --setup /home/predm/Git/Personal/NovoProjeto/.lake/build/ir/MaxwellKey/SecrecyCapacity.setup.json --json",
   "level": "trace"}],
 "inputs":
 [["MaxwellKey.SecrecyCapacity:deps",
   [["deps",
     [["MaxwellKey/MaxwellKey:extraDep",
       [["@MaxwellKey:extraDep", "00000000000006bb"]]],
      ["imports",
       [["Mathlib.Data.Real.Basic transitive imports (legacy)",
         "d65ade690665816a"],
        ["Mathlib.Data.Real.Basic:importAllArts", "f6d68b320669ab7c"],
        ["Mathlib.Analysis.SpecialFunctions.Log.Base transitive imports (legacy)",
         "48b90dacbc30e24e"],
        ["Mathlib.Analysis.SpecialFunctions.Log.Base:importAllArts",
         "e8f77cbe8174fd26"],
        ["Mathlib.Tactic.Linarith transitive imports (legacy)",
         "d18d563a2893fe0a"],
        ["Mathlib.Tactic.Linarith:importAllArts", "2200781030924c40"],
        ["Mathlib.Tactic.Ring transitive imports (legacy)", "6e77108d1a3912ab"],
        ["Mathlib.Tactic.Ring:importAllArts", "60621be0539fee2c"],
        ["Mathlib.Tactic.FieldSimp transitive imports (legacy)",
         "55995605eac4e901"],
        ["Mathlib.Tactic.FieldSimp:importAllArts", "6c2f0fcea9825776"],
        ["MaxwellKey.Degradedness transitive imports (legacy)",
         "253ae283d58d881b"],
        ["MaxwellKey.Degradedness:importAllArts", "3f28ebd92c17051b"]]]]],
    ["libs",
     [["import dynlibs", "00000000000006bb"],
      ["package external libraries", "00000000000006bb"],
      ["module dynlibs", "00000000000006bb"],
      ["module plugins", "00000000000006bb"]]]]],
  ["Lean 4.31.0, commit 5e44d5f905127c78a2da7a015fe7a47840c95eb1",
   "888ac1029b4e55a7"],
  ["/home/predm/Git/Personal/NovoProjeto/MaxwellKey/SecrecyCapacity.lean",
   "f03bec871b6d8b5e"],
  ["options", "00000000000006bb"],
  ["isModule: false", "feefd2a0d3a1847e"],
  ["Module.name: MaxwellKey.SecrecyCapacity", "3ac4bf6c6c19910d"],
  ["Package.id?: (some MaxwellKey)", "1d940a7375b12fd5"],
  ["Module.leanArgs: #[]", "00000000000006bb"]],
 "depHash": "e44d818b7c53c2da"}